

â•­â”€â”€â”€â”€â”€â”€â”€â”€â”€â”€â”€â”€â”€â”€â”€â”€â”€â”€â”€â”€â”€â”€â”€â”€â”€â”€â”€â”€â”€â”€â”€â”€â”€â”€â”€â”€â”€â”€â”€â”€â”€â”€â”€â”€â”€â”€â”€â”€â”€â”€â”€â”€â”€â”€â”€â”€â”€â”€â”€â”€â”€â”€â”€â”€â”€â”€â”€â”€â”€â”€â”€â”€â”€â”€â”€â”€â•®
â”‚                                                                            â”‚
â”‚        _ __ ___  _____           __  __  _____________    ____    ____     â”‚
â”‚       _ __ ___ .'____/___ ______/ /_/  |/  / ____/ __ \  |___ \  / __ \    â”‚
â”‚      _ __ ___ / /_  / __ `/ ___/ __/ /|_/ / /   / /_/ /  ___/ / / / / /    â”‚
â”‚     _ __ ___ / __/ / /_/ (__  ) /_/ /  / / /___/ ____/  /  __/_/ /_/ /     â”‚
â”‚    _ __ ___ /_/    \____/____/\__/_/  /_/\____/_/      /_____(*)____/      â”‚
â”‚                                                                            â”‚
â”‚                                                                            â”‚
â”‚                                FastMCP  2.0                                â”‚
â”‚                                                                            â”‚
â”‚                                                                            â”‚
â”‚               ğŸ–¥ï¸ Server name:     Search                                   â”‚
â”‚               ğŸ“¦ Transport:       Streamable-HTTP                          â”‚
â”‚               ğŸ”— Server URL:      http://127.0.0.1:8001/mcp                â”‚
â”‚                                                                            â”‚
â”‚               ğŸï¸ FastMCP version: 2.12.5                                   â”‚
â”‚               ğŸ¤ MCP SDK version: 1.16.0                                   â”‚
â”‚                                                                            â”‚
â”‚               ğŸ“š Docs:            https://gofastmcp.com                    â”‚
â”‚               ğŸš€ Deploy:          https://fastmcp.cloud                    â”‚
â”‚                                                                            â”‚
â•°â”€â”€â”€â”€â”€â”€â”€â”€â”€â”€â”€â”€â”€â”€â”€â”€â”€â”€â”€â”€â”€â”€â”€â”€â”€â”€â”€â”€â”€â”€â”€â”€â”€â”€â”€â”€â”€â”€â”€â”€â”€â”€â”€â”€â”€â”€â”€â”€â”€â”€â”€â”€â”€â”€â”€â”€â”€â”€â”€â”€â”€â”€â”€â”€â”€â”€â”€â”€â”€â”€â”€â”€â”€â”€â”€â”€â•¯


[02/18/26 16:14:32] INFO     Starting MCP server 'Search' with transport 'streamable-http' on  server.py:1579
                             http://127.0.0.1:8001/mcp                                                       
INFO:     Started server process [29192]
INFO:     Waiting for application startup.
INFO:     Application startup complete.
INFO:     Uvicorn running on http://127.0.0.1:8001 (Press CTRL+C to quit)
INFO:     Shutting down
ERROR:    Cancel 0 running task(s), timeout graceful shutdown exceeded
INFO:     Waiting for application shutdown.
INFO:     Application shutdown complete.
INFO:     Finished server process [29192]
Running Alpha Vantage News Tool as search tool
Traceback (most recent call last):
  File "/opt/homebrew/Cellar/python@3.12/3.12.12/Frameworks/Python.framework/Versions/3.12/lib/python3.12/asyncio/runners.py", line 118, in run
    return self._loop.run_until_complete(task)
           ^^^^^^^^^^^^^^^^^^^^^^^^^^^^^^^^^^^
  File "/opt/homebrew/Cellar/python@3.12/3.12.12/Frameworks/Python.framework/Versions/3.12/lib/python3.12/asyncio/base_events.py", line 691, in run_until_complete
    return future.result()
           ^^^^^^^^^^^^^^^
asyncio.exceptions.CancelledError

During handling of the above exception, another exception occurred:

Traceback (most recent call last):
  File "/Users/huochuanrui/Downloads/AI-Trader-main/agent_tools/tool_alphavantage_news.py", line 316, in <module>
    mcp.run(transport="streamable-http", port=port)
  File "/Users/huochuanrui/Downloads/AI-Trader-main/.venv/lib/python3.12/site-packages/fastmcp/server/server.py", line 378, in run
    anyio.run(
  File "/Users/huochuanrui/Downloads/AI-Trader-main/.venv/lib/python3.12/site-packages/anyio/_core/_eventloop.py", line 77, in run
    return async_backend.run(func, args, {}, backend_options)
           ^^^^^^^^^^^^^^^^^^^^^^^^^^^^^^^^^^^^^^^^^^^^^^^^^^
  File "/Users/huochuanrui/Downloads/AI-Trader-main/.venv/lib/python3.12/site-packages/anyio/_backends/_asyncio.py", line 2342, in run
    return runner.run(wrapper())
           ^^^^^^^^^^^^^^^^^^^^^
  File "/opt/homebrew/Cellar/python@3.12/3.12.12/Frameworks/Python.framework/Versions/3.12/lib/python3.12/asyncio/runners.py", line 123, in run
    raise KeyboardInterrupt()
KeyboardInterrupt
